  Game.cpp
  Main.cpp
  MenuState.cpp
d:\users\nicolas\documents\github\sfml_game\sfml_game\menustate.cpp(17): warning C4244: 'initialisation' : conversion de 'T' en 'float', perte possible de données
          with
          [
              T=unsigned int
          ]
d:\users\nicolas\documents\github\sfml_game\sfml_game\menustate.cpp(18): warning C4244: 'initialisation' : conversion de 'T' en 'float', perte possible de données
          with
          [
              T=unsigned int
          ]
  OptionState.cpp
  PlayState.cpp
  SoundController.cpp
d:\users\nicolas\documents\github\sfml_game\sfml_game\soundcontroller.cpp(14): warning C4244: 'argument' : conversion de 'int' en 'float', perte possible de données
d:\users\nicolas\documents\github\sfml_game\sfml_game\soundcontroller.cpp(31): warning C4244: 'argument' : conversion de 'int' en 'float', perte possible de données
  Génération de code en cours...
  SFML_Game.vcxproj -> D:\Users\Nicolas\Documents\GitHub\SFML_Game\SFML_Game\Debug\SFML_Game.exe
